
ROM used:   1224/65536 (2%)
            1224/65536 (2%) including unused fragments

            0.3 Average locations per line
            3.0 Average locations per statement

RAM used:   18/3896 (0%) at main() level
            35/3896 (1%) worst case

Stack used: 2 worst case (2 in main + 0 for interrupts)
Stack size: 31

Lines Stmts  %   Files
----- ----- ---  -----
  238   148  36  RECIEVERREAL.c
   33     0   0  RECIEVERREAL.h
 1064     0   0  ..\..\..\..\..\..\Program Files (x86)\PICC\Devices\18LF46K22.h
 2228   258  64  ..\..\..\..\..\..\Program Files (x86)\PICC\Drivers\math.h
----- -----
 3563   406 Total

Page ROM  %  RAM    Vol Diff  Functions:
---- --- --- ---    --- ----  ----------
0     40   2    1             @delay_ms1
0     78   3    1             @PUTCHAR_1_
0    276  11    3   1078  6.2  MAIN
0     16   1    0             @const959
0     30   1    3             @PSTRINGCN_807
0    434  18    3   2077  2.5  SI4432_RX_init_parameter
0     88   4    0    300  2.8  rx_data
0    104   4    3    748  7.3  spi_writex
0     98   4    3    681  6.6  spi_readx
0     56   2    2    355  7.0  spi_R
 Inline         0             @cinit1

Program metrics:
    Functions               6
    Statements              406
    Comments                524
    Volume (V)              7176
    Difficulty (D)          31.8
    Effort to implement (E) 227927
    Time to implement (T)   3 hours, 31 minutes
    Est Delivered Bugs (B)  1
    Cyclomatic Complexity   15
    Maintainability (MI)    112

 Segment     Used  Free
-----------  ----  ----
00000-00002     4  0  
00004-0FFFE  1220  64312  



